2020-06-18 18:06:40.544  INFO 15368 --- [main] com.example.MainSpringBootApplication    : Starting MainSpringBootApplication on DESKTOP-T5H9THI with PID 15368 (E:\workfile\code\general_project\general_api\target\classes started by new_user in E:\workfile\code\general_project)
2020-06-18 18:06:40.549 DEBUG 15368 --- [main] com.example.MainSpringBootApplication    : Running with Spring Boot v2.2.6.RELEASE, Spring v5.2.5.RELEASE
2020-06-18 18:06:40.550  INFO 15368 --- [main] com.example.MainSpringBootApplication    : No active profile set, falling back to default profiles: default
2020-06-18 18:06:43.229  INFO 15368 --- [main] o.s.b.w.embedded.tomcat.TomcatWebServer  : Tomcat initialized with port(s): 9999 (http)
2020-06-18 18:06:43.244  INFO 15368 --- [main] o.apache.catalina.core.StandardService   : Starting service [Tomcat]
2020-06-18 18:06:43.245  INFO 15368 --- [main] org.apache.catalina.core.StandardEngine  : Starting Servlet engine: [Apache Tomcat/9.0.33]
2020-06-18 18:06:43.351  INFO 15368 --- [main] o.a.c.c.C.[Tomcat].[localhost].[/]       : Initializing Spring embedded WebApplicationContext
2020-06-18 18:06:43.352  INFO 15368 --- [main] o.s.web.context.ContextLoader            : Root WebApplicationContext: initialization completed in 2695 ms
2020-06-18 18:06:43.465  WARN 15368 --- [main] ConfigServletWebServerApplicationContext : Exception encountered during context initialization - cancelling refresh attempt: org.springframework.beans.factory.BeanCreationException: Error creating bean with name 'userServiceImpl': Injection of resource dependencies failed; nested exception is org.springframework.beans.factory.UnsatisfiedDependencyException: Error creating bean with name 'userMapper' defined in file [E:\workfile\code\general_project\general_mapper\target\classes\com\example\UserMapper.class]: Unsatisfied dependency expressed through bean property 'sqlSessionFactory'; nested exception is org.springframework.beans.factory.UnsatisfiedDependencyException: Error creating bean with name 'sqlSessionFactory' defined in class path resource [org/mybatis/spring/boot/autoconfigure/MybatisAutoConfiguration.class]: Unsatisfied dependency expressed through method 'sqlSessionFactory' parameter 0; nested exception is org.springframework.beans.factory.UnsatisfiedDependencyException: Error creating bean with name 'dataSource' defined in class path resource [org/springframework/boot/autoconfigure/jdbc/DataSourceConfiguration$Generic.class]: Unsatisfied dependency expressed through method 'dataSource' parameter 0; nested exception is org.springframework.boot.context.properties.ConfigurationPropertiesBindException: Error creating bean with name 'spring.datasource-org.springframework.boot.autoconfigure.jdbc.DataSourceProperties': Could not bind properties to 'DataSourceProperties' : prefix=spring.datasource, ignoreInvalidFields=false, ignoreUnknownFields=true; nested exception is org.springframework.boot.context.properties.bind.BindException: Failed to bind properties under 'spring.datasource.type' to java.lang.Class<javax.sql.DataSource>
2020-06-18 18:06:43.470  INFO 15368 --- [main] o.apache.catalina.core.StandardService   : Stopping service [Tomcat]
2020-06-18 18:06:43.495  INFO 15368 --- [main] ConditionEvaluationReportLoggingListener : 

Error starting ApplicationContext. To display the conditions report re-run your application with 'debug' enabled.
2020-06-18 18:06:43.502 ERROR 15368 --- [main] o.s.b.d.LoggingFailureAnalysisReporter   : 

***************************
APPLICATION FAILED TO START
***************************

Description:

Failed to bind properties under 'spring.datasource.type' to java.lang.Class<javax.sql.DataSource>:

    Property: spring.datasource.type
    Value: com.alibaba.druid.pool.DruidDataSource
    Origin: class path resource [application.yml]:7:11
    Reason: No converter found capable of converting from type [java.lang.String] to type [java.lang.Class<javax.sql.DataSource>]

Action:

Update your application's configuration

2020-06-18 18:11:49.895  INFO 6628 --- [main] com.example.MainSpringBootApplication    : Starting MainSpringBootApplication on DESKTOP-T5H9THI with PID 6628 (E:\workfile\code\general_project\general_api\target\classes started by new_user in E:\workfile\code\general_project)
2020-06-18 18:11:49.903 DEBUG 6628 --- [main] com.example.MainSpringBootApplication    : Running with Spring Boot v2.2.6.RELEASE, Spring v5.2.5.RELEASE
2020-06-18 18:11:49.904  INFO 6628 --- [main] com.example.MainSpringBootApplication    : No active profile set, falling back to default profiles: default
2020-06-18 18:11:52.134  INFO 6628 --- [main] o.s.b.w.embedded.tomcat.TomcatWebServer  : Tomcat initialized with port(s): 9999 (http)
2020-06-18 18:11:52.146  INFO 6628 --- [main] o.apache.catalina.core.StandardService   : Starting service [Tomcat]
2020-06-18 18:11:52.147  INFO 6628 --- [main] org.apache.catalina.core.StandardEngine  : Starting Servlet engine: [Apache Tomcat/9.0.33]
2020-06-18 18:11:52.266  INFO 6628 --- [main] o.a.c.c.C.[Tomcat].[localhost].[/]       : Initializing Spring embedded WebApplicationContext
2020-06-18 18:11:52.267  INFO 6628 --- [main] o.s.web.context.ContextLoader            : Root WebApplicationContext: initialization completed in 2218 ms
2020-06-18 18:11:52.386  INFO 6628 --- [main] c.a.d.s.b.a.DruidDataSourceAutoConfigure : Init DruidDataSource
2020-06-18 18:11:52.609  INFO 6628 --- [main] com.alibaba.druid.pool.DruidDataSource   : {dataSource-1} inited
2020-06-18 18:11:52.860  INFO 6628 --- [main] o.s.s.concurrent.ThreadPoolTaskExecutor  : Initializing ExecutorService 'applicationTaskExecutor'
2020-06-18 18:11:53.195  INFO 6628 --- [main] o.s.b.w.embedded.tomcat.TomcatWebServer  : Tomcat started on port(s): 9999 (http) with context path ''
2020-06-18 18:11:53.201  INFO 6628 --- [main] com.example.MainSpringBootApplication    : Started MainSpringBootApplication in 4.404 seconds (JVM running for 5.783)
2020-06-18 18:19:10.743  INFO 6628 --- [SpringContextShutdownHook] o.s.s.concurrent.ThreadPoolTaskExecutor  : Shutting down ExecutorService 'applicationTaskExecutor'
2020-06-18 18:19:10.750  INFO 6628 --- [SpringContextShutdownHook] com.alibaba.druid.pool.DruidDataSource   : {dataSource-1} closed
2020-06-18 18:19:18.037  INFO 17044 --- [main] com.example.MainSpringBootApplication    : Starting MainSpringBootApplication on DESKTOP-T5H9THI with PID 17044 (E:\workfile\code\general_project\general_api\target\classes started by new_user in E:\workfile\code\general_project)
2020-06-18 18:19:18.043 DEBUG 17044 --- [main] com.example.MainSpringBootApplication    : Running with Spring Boot v2.2.6.RELEASE, Spring v5.2.5.RELEASE
2020-06-18 18:19:18.044  INFO 17044 --- [main] com.example.MainSpringBootApplication    : No active profile set, falling back to default profiles: default
2020-06-18 18:19:20.042  INFO 17044 --- [main] o.s.b.w.embedded.tomcat.TomcatWebServer  : Tomcat initialized with port(s): 9999 (http)
2020-06-18 18:19:20.055  INFO 17044 --- [main] o.apache.catalina.core.StandardService   : Starting service [Tomcat]
2020-06-18 18:19:20.056  INFO 17044 --- [main] org.apache.catalina.core.StandardEngine  : Starting Servlet engine: [Apache Tomcat/9.0.33]
2020-06-18 18:19:20.169  INFO 17044 --- [main] o.a.c.c.C.[Tomcat].[localhost].[/]       : Initializing Spring embedded WebApplicationContext
2020-06-18 18:19:20.170  INFO 17044 --- [main] o.s.web.context.ContextLoader            : Root WebApplicationContext: initialization completed in 1983 ms
2020-06-18 18:19:20.287  INFO 17044 --- [main] c.a.d.s.b.a.DruidDataSourceAutoConfigure : Init DruidDataSource
2020-06-18 18:19:20.431  INFO 17044 --- [main] com.alibaba.druid.pool.DruidDataSource   : {dataSource-1} inited
2020-06-18 18:19:20.655  INFO 17044 --- [main] o.s.s.concurrent.ThreadPoolTaskExecutor  : Initializing ExecutorService 'applicationTaskExecutor'
2020-06-18 18:19:20.997  INFO 17044 --- [main] o.s.b.w.embedded.tomcat.TomcatWebServer  : Tomcat started on port(s): 9999 (http) with context path ''
2020-06-18 18:19:21.002  INFO 17044 --- [main] com.example.MainSpringBootApplication    : Started MainSpringBootApplication in 4.093 seconds (JVM running for 5.356)
2020-06-18 18:24:15.353  INFO 17044 --- [SpringContextShutdownHook] o.s.s.concurrent.ThreadPoolTaskExecutor  : Shutting down ExecutorService 'applicationTaskExecutor'
2020-06-18 18:24:15.357  INFO 17044 --- [SpringContextShutdownHook] com.alibaba.druid.pool.DruidDataSource   : {dataSource-1} closed
